2023-10-20T01:06:13.652-05:00  INFO 5156 --- [main] MoodleDrive.MoodleDriveApplication       : Starting MoodleDriveApplication using Java 17.0.8 with PID 5156 (D:\MoodleDrive\target\classes started by rarey in D:\MoodleDrive)
2023-10-20T01:06:13.659-05:00  INFO 5156 --- [main] MoodleDrive.MoodleDriveApplication       : No active profile set, falling back to 1 default profile: "default"
2023-10-20T01:06:14.487-05:00  INFO 5156 --- [main] .s.d.r.c.RepositoryConfigurationDelegate : Bootstrapping Spring Data JPA repositories in DEFAULT mode.
2023-10-20T01:06:14.595-05:00  INFO 5156 --- [main] .s.d.r.c.RepositoryConfigurationDelegate : Finished Spring Data repository scanning in 94 ms. Found 5 JPA repository interfaces.
2023-10-20T01:06:15.356-05:00  INFO 5156 --- [main] o.s.b.w.embedded.tomcat.TomcatWebServer  : Tomcat initialized with port(s): 8080 (http)
2023-10-20T01:06:15.369-05:00  INFO 5156 --- [main] o.apache.catalina.core.StandardService   : Starting service [Tomcat]
2023-10-20T01:06:15.370-05:00  INFO 5156 --- [main] o.apache.catalina.core.StandardEngine    : Starting Servlet engine: [Apache Tomcat/10.1.13]
2023-10-20T01:06:15.485-05:00  INFO 5156 --- [main] o.a.c.c.C.[Tomcat].[localhost].[/]       : Initializing Spring embedded WebApplicationContext
2023-10-20T01:06:15.486-05:00  INFO 5156 --- [main] w.s.c.ServletWebServerApplicationContext : Root WebApplicationContext: initialization completed in 1781 ms
2023-10-20T01:06:15.622-05:00  INFO 5156 --- [main] com.zaxxer.hikari.HikariDataSource       : HikariPool-1 - Starting...
2023-10-20T01:06:15.952-05:00  INFO 5156 --- [main] com.zaxxer.hikari.pool.HikariPool        : HikariPool-1 - Added connection com.mysql.cj.jdbc.ConnectionImpl@73bb1337
2023-10-20T01:06:15.956-05:00  INFO 5156 --- [main] com.zaxxer.hikari.HikariDataSource       : HikariPool-1 - Start completed.
2023-10-20T01:06:16.092-05:00  INFO 5156 --- [main] o.hibernate.jpa.internal.util.LogHelper  : HHH000204: Processing PersistenceUnitInfo [name: default]
2023-10-20T01:06:16.173-05:00  INFO 5156 --- [main] org.hibernate.Version                    : HHH000412: Hibernate ORM core version 6.2.9.Final
2023-10-20T01:06:16.179-05:00  INFO 5156 --- [main] org.hibernate.cfg.Environment            : HHH000406: Using bytecode reflection optimizer
2023-10-20T01:06:16.395-05:00  INFO 5156 --- [main] o.h.b.i.BytecodeProviderInitiator        : HHH000021: Bytecode provider name : bytebuddy
2023-10-20T01:06:16.533-05:00  INFO 5156 --- [main] o.s.o.j.p.SpringPersistenceUnitInfo      : No LoadTimeWeaver setup: ignoring JPA class transformer
2023-10-20T01:06:16.807-05:00  INFO 5156 --- [main] o.h.b.i.BytecodeProviderInitiator        : HHH000021: Bytecode provider name : bytebuddy
2023-10-20T01:06:17.561-05:00  INFO 5156 --- [main] o.h.e.t.j.p.i.JtaPlatformInitiator       : HHH000490: Using JtaPlatform implementation: [org.hibernate.engine.transaction.jta.platform.internal.NoJtaPlatform]
2023-10-20T01:06:17.565-05:00  INFO 5156 --- [main] j.LocalContainerEntityManagerFactoryBean : Initialized JPA EntityManagerFactory for persistence unit 'default'
2023-10-20T01:06:18.440-05:00  INFO 5156 --- [main] o.s.d.j.r.query.QueryEnhancerFactory     : Hibernate is in classpath; If applicable, HQL parser will be used.
2023-10-20T01:06:19.157-05:00  INFO 5156 --- [main] o.s.s.web.DefaultSecurityFilterChain     : Will secure any request with [org.springframework.security.web.session.DisableEncodeUrlFilter@67887bf2, org.springframework.security.web.context.request.async.WebAsyncManagerIntegrationFilter@3ce2c454, org.springframework.security.web.context.SecurityContextHolderFilter@1e40edb7, org.springframework.security.web.header.HeaderWriterFilter@64dbb343, org.springframework.security.web.authentication.logout.LogoutFilter@1b26f006, org.springframework.security.web.authentication.UsernamePasswordAuthenticationFilter@788a7567, org.springframework.security.web.savedrequest.RequestCacheAwareFilter@282c0891, org.springframework.security.web.servletapi.SecurityContextHolderAwareRequestFilter@66790851, org.springframework.security.web.authentication.AnonymousAuthenticationFilter@6f65b61d, org.springframework.security.web.access.ExceptionTranslationFilter@2700f556, org.springframework.security.web.access.intercept.AuthorizationFilter@7f88c53]
2023-10-20T01:06:19.451-05:00  INFO 5156 --- [main] o.s.b.w.embedded.tomcat.TomcatWebServer  : Tomcat started on port(s): 8080 (http) with context path ''
2023-10-20T01:06:19.459-05:00  INFO 5156 --- [main] MoodleDrive.MoodleDriveApplication       : Started MoodleDriveApplication in 6.198 seconds (process running for 6.638)
2023-10-20T01:06:19.461-05:00  INFO 5156 --- [main] o.s.b.a.b.JobLauncherApplicationRunner   : Running default command line with: []
2023-10-20T01:06:24.016-05:00  INFO 5156 --- [http-nio-8080-exec-1] o.a.c.c.C.[Tomcat].[localhost].[/]       : Initializing Spring DispatcherServlet 'dispatcherServlet'
2023-10-20T01:06:24.017-05:00  INFO 5156 --- [http-nio-8080-exec-1] o.s.web.servlet.DispatcherServlet        : Initializing Servlet 'dispatcherServlet'
2023-10-20T01:06:24.020-05:00  INFO 5156 --- [http-nio-8080-exec-1] o.s.web.servlet.DispatcherServlet        : Completed initialization in 2 ms
2023-10-20T01:09:29.433-05:00  INFO 12412 --- [main] MoodleDrive.MoodleDriveApplication       : Starting MoodleDriveApplication using Java 17.0.8 with PID 12412 (D:\MoodleDrive\target\classes started by rarey in D:\MoodleDrive)
2023-10-20T01:09:29.435-05:00  INFO 12412 --- [main] MoodleDrive.MoodleDriveApplication       : No active profile set, falling back to 1 default profile: "default"
2023-10-20T01:09:30.068-05:00  INFO 12412 --- [main] .s.d.r.c.RepositoryConfigurationDelegate : Bootstrapping Spring Data JPA repositories in DEFAULT mode.
2023-10-20T01:09:30.132-05:00  INFO 12412 --- [main] .s.d.r.c.RepositoryConfigurationDelegate : Finished Spring Data repository scanning in 57 ms. Found 5 JPA repository interfaces.
2023-10-20T01:09:30.674-05:00  INFO 12412 --- [main] o.s.b.w.embedded.tomcat.TomcatWebServer  : Tomcat initialized with port(s): 8080 (http)
2023-10-20T01:09:30.686-05:00  INFO 12412 --- [main] o.apache.catalina.core.StandardService   : Starting service [Tomcat]
2023-10-20T01:09:30.687-05:00  INFO 12412 --- [main] o.apache.catalina.core.StandardEngine    : Starting Servlet engine: [Apache Tomcat/10.1.13]
2023-10-20T01:09:30.791-05:00  INFO 12412 --- [main] o.a.c.c.C.[Tomcat].[localhost].[/]       : Initializing Spring embedded WebApplicationContext
2023-10-20T01:09:30.791-05:00  INFO 12412 --- [main] w.s.c.ServletWebServerApplicationContext : Root WebApplicationContext: initialization completed in 1317 ms
2023-10-20T01:09:30.896-05:00  INFO 12412 --- [main] com.zaxxer.hikari.HikariDataSource       : HikariPool-1 - Starting...
2023-10-20T01:09:31.182-05:00  INFO 12412 --- [main] com.zaxxer.hikari.pool.HikariPool        : HikariPool-1 - Added connection com.mysql.cj.jdbc.ConnectionImpl@450f0235
2023-10-20T01:09:31.184-05:00  INFO 12412 --- [main] com.zaxxer.hikari.HikariDataSource       : HikariPool-1 - Start completed.
2023-10-20T01:09:31.262-05:00  INFO 12412 --- [main] o.hibernate.jpa.internal.util.LogHelper  : HHH000204: Processing PersistenceUnitInfo [name: default]
2023-10-20T01:09:31.326-05:00  INFO 12412 --- [main] org.hibernate.Version                    : HHH000412: Hibernate ORM core version 6.2.9.Final
2023-10-20T01:09:31.329-05:00  INFO 12412 --- [main] org.hibernate.cfg.Environment            : HHH000406: Using bytecode reflection optimizer
2023-10-20T01:09:31.490-05:00  INFO 12412 --- [main] o.h.b.i.BytecodeProviderInitiator        : HHH000021: Bytecode provider name : bytebuddy
2023-10-20T01:09:31.636-05:00  INFO 12412 --- [main] o.s.o.j.p.SpringPersistenceUnitInfo      : No LoadTimeWeaver setup: ignoring JPA class transformer
2023-10-20T01:09:31.941-05:00  INFO 12412 --- [main] o.h.b.i.BytecodeProviderInitiator        : HHH000021: Bytecode provider name : bytebuddy
2023-10-20T01:09:32.587-05:00  INFO 12412 --- [main] o.h.e.t.j.p.i.JtaPlatformInitiator       : HHH000490: Using JtaPlatform implementation: [org.hibernate.engine.transaction.jta.platform.internal.NoJtaPlatform]
2023-10-20T01:09:32.591-05:00  INFO 12412 --- [main] j.LocalContainerEntityManagerFactoryBean : Initialized JPA EntityManagerFactory for persistence unit 'default'
2023-10-20T01:09:32.998-05:00  INFO 12412 --- [main] o.s.d.j.r.query.QueryEnhancerFactory     : Hibernate is in classpath; If applicable, HQL parser will be used.
2023-10-20T01:09:33.621-05:00  INFO 12412 --- [main] o.s.s.web.DefaultSecurityFilterChain     : Will secure any request with [org.springframework.security.web.session.DisableEncodeUrlFilter@224f90eb, org.springframework.security.web.context.request.async.WebAsyncManagerIntegrationFilter@54464330, org.springframework.security.web.context.SecurityContextHolderFilter@355da59c, org.springframework.security.web.header.HeaderWriterFilter@1872a7fe, org.springframework.security.web.authentication.logout.LogoutFilter@27381497, org.springframework.security.web.authentication.UsernamePasswordAuthenticationFilter@5bafe1f1, org.springframework.security.web.savedrequest.RequestCacheAwareFilter@58545c2e, org.springframework.security.web.servletapi.SecurityContextHolderAwareRequestFilter@3681c285, org.springframework.security.web.authentication.AnonymousAuthenticationFilter@63b4a896, org.springframework.security.web.access.ExceptionTranslationFilter@5f59b6c5, org.springframework.security.web.access.intercept.AuthorizationFilter@13e12ab6]
2023-10-20T01:09:33.907-05:00  INFO 12412 --- [main] o.s.b.w.embedded.tomcat.TomcatWebServer  : Tomcat started on port(s): 8080 (http) with context path ''
2023-10-20T01:09:33.915-05:00  INFO 12412 --- [main] MoodleDrive.MoodleDriveApplication       : Started MoodleDriveApplication in 4.839 seconds (process running for 5.196)
2023-10-20T01:09:33.917-05:00  INFO 12412 --- [main] o.s.b.a.b.JobLauncherApplicationRunner   : Running default command line with: []
2023-10-20T01:09:37.487-05:00  INFO 12412 --- [http-nio-8080-exec-1] o.a.c.c.C.[Tomcat].[localhost].[/]       : Initializing Spring DispatcherServlet 'dispatcherServlet'
2023-10-20T01:09:37.488-05:00  INFO 12412 --- [http-nio-8080-exec-1] o.s.web.servlet.DispatcherServlet        : Initializing Servlet 'dispatcherServlet'
2023-10-20T01:09:37.489-05:00  INFO 12412 --- [http-nio-8080-exec-1] o.s.web.servlet.DispatcherServlet        : Completed initialization in 1 ms
2023-10-20T01:14:25.992-05:00  INFO 18056 --- [main] MoodleDrive.MoodleDriveApplication       : Starting MoodleDriveApplication using Java 17.0.8 with PID 18056 (D:\MoodleDrive\target\classes started by rarey in D:\MoodleDrive)
2023-10-20T01:14:25.994-05:00  INFO 18056 --- [main] MoodleDrive.MoodleDriveApplication       : No active profile set, falling back to 1 default profile: "default"
2023-10-20T01:14:26.721-05:00  INFO 18056 --- [main] .s.d.r.c.RepositoryConfigurationDelegate : Bootstrapping Spring Data JPA repositories in DEFAULT mode.
2023-10-20T01:14:26.797-05:00  INFO 18056 --- [main] .s.d.r.c.RepositoryConfigurationDelegate : Finished Spring Data repository scanning in 66 ms. Found 5 JPA repository interfaces.
2023-10-20T01:14:27.358-05:00  INFO 18056 --- [main] o.s.b.w.embedded.tomcat.TomcatWebServer  : Tomcat initialized with port(s): 8080 (http)
2023-10-20T01:14:27.371-05:00  INFO 18056 --- [main] o.apache.catalina.core.StandardService   : Starting service [Tomcat]
2023-10-20T01:14:27.371-05:00  INFO 18056 --- [main] o.apache.catalina.core.StandardEngine    : Starting Servlet engine: [Apache Tomcat/10.1.13]
2023-10-20T01:14:27.481-05:00  INFO 18056 --- [main] o.a.c.c.C.[Tomcat].[localhost].[/]       : Initializing Spring embedded WebApplicationContext
2023-10-20T01:14:27.481-05:00  INFO 18056 --- [main] w.s.c.ServletWebServerApplicationContext : Root WebApplicationContext: initialization completed in 1446 ms
2023-10-20T01:14:27.584-05:00  INFO 18056 --- [main] com.zaxxer.hikari.HikariDataSource       : HikariPool-1 - Starting...
2023-10-20T01:14:27.846-05:00  INFO 18056 --- [main] com.zaxxer.hikari.pool.HikariPool        : HikariPool-1 - Added connection com.mysql.cj.jdbc.ConnectionImpl@296edc75
2023-10-20T01:14:27.848-05:00  INFO 18056 --- [main] com.zaxxer.hikari.HikariDataSource       : HikariPool-1 - Start completed.
2023-10-20T01:14:27.920-05:00  INFO 18056 --- [main] o.hibernate.jpa.internal.util.LogHelper  : HHH000204: Processing PersistenceUnitInfo [name: default]
2023-10-20T01:14:27.979-05:00  INFO 18056 --- [main] org.hibernate.Version                    : HHH000412: Hibernate ORM core version 6.2.9.Final
2023-10-20T01:14:27.981-05:00  INFO 18056 --- [main] org.hibernate.cfg.Environment            : HHH000406: Using bytecode reflection optimizer
2023-10-20T01:14:28.148-05:00  INFO 18056 --- [main] o.h.b.i.BytecodeProviderInitiator        : HHH000021: Bytecode provider name : bytebuddy
2023-10-20T01:14:28.285-05:00  INFO 18056 --- [main] o.s.o.j.p.SpringPersistenceUnitInfo      : No LoadTimeWeaver setup: ignoring JPA class transformer
2023-10-20T01:14:28.572-05:00  INFO 18056 --- [main] o.h.b.i.BytecodeProviderInitiator        : HHH000021: Bytecode provider name : bytebuddy
2023-10-20T01:14:29.179-05:00  INFO 18056 --- [main] o.h.e.t.j.p.i.JtaPlatformInitiator       : HHH000490: Using JtaPlatform implementation: [org.hibernate.engine.transaction.jta.platform.internal.NoJtaPlatform]
2023-10-20T01:14:29.182-05:00  INFO 18056 --- [main] j.LocalContainerEntityManagerFactoryBean : Initialized JPA EntityManagerFactory for persistence unit 'default'
2023-10-20T01:14:29.542-05:00  INFO 18056 --- [main] o.s.d.j.r.query.QueryEnhancerFactory     : Hibernate is in classpath; If applicable, HQL parser will be used.
2023-10-20T01:14:30.089-05:00  INFO 18056 --- [main] o.s.s.web.DefaultSecurityFilterChain     : Will secure any request with [org.springframework.security.web.session.DisableEncodeUrlFilter@219c10c2, org.springframework.security.web.context.request.async.WebAsyncManagerIntegrationFilter@5e352e3a, org.springframework.security.web.context.SecurityContextHolderFilter@19beeb61, org.springframework.security.web.header.HeaderWriterFilter@3681c285, org.springframework.security.web.authentication.logout.LogoutFilter@13e12ab6, org.springframework.security.web.authentication.UsernamePasswordAuthenticationFilter@7413c41, org.springframework.security.web.savedrequest.RequestCacheAwareFilter@6f5d292c, org.springframework.security.web.servletapi.SecurityContextHolderAwareRequestFilter@69c7fe78, org.springframework.security.web.authentication.AnonymousAuthenticationFilter@1b26f006, org.springframework.security.web.access.ExceptionTranslationFilter@19cad9f0, org.springframework.security.web.access.intercept.AuthorizationFilter@6178ac9d]
2023-10-20T01:14:30.343-05:00  INFO 18056 --- [main] o.s.b.w.embedded.tomcat.TomcatWebServer  : Tomcat started on port(s): 8080 (http) with context path ''
2023-10-20T01:14:30.351-05:00  INFO 18056 --- [main] MoodleDrive.MoodleDriveApplication       : Started MoodleDriveApplication in 4.789 seconds (process running for 5.149)
2023-10-20T01:14:30.353-05:00  INFO 18056 --- [main] o.s.b.a.b.JobLauncherApplicationRunner   : Running default command line with: []
2023-10-20T01:14:33.256-05:00  INFO 18056 --- [http-nio-8080-exec-2] o.a.c.c.C.[Tomcat].[localhost].[/]       : Initializing Spring DispatcherServlet 'dispatcherServlet'
2023-10-20T01:14:33.256-05:00  INFO 18056 --- [http-nio-8080-exec-2] o.s.web.servlet.DispatcherServlet        : Initializing Servlet 'dispatcherServlet'
2023-10-20T01:14:33.257-05:00  INFO 18056 --- [http-nio-8080-exec-2] o.s.web.servlet.DispatcherServlet        : Completed initialization in 1 ms
2023-10-20T01:21:25.844-05:00  INFO 18352 --- [main] MoodleDrive.MoodleDriveApplication       : Starting MoodleDriveApplication using Java 17.0.8 with PID 18352 (D:\MoodleDrive\target\classes started by rarey in D:\MoodleDrive)
2023-10-20T01:21:25.846-05:00  INFO 18352 --- [main] MoodleDrive.MoodleDriveApplication       : No active profile set, falling back to 1 default profile: "default"
2023-10-20T01:21:26.471-05:00  INFO 18352 --- [main] .s.d.r.c.RepositoryConfigurationDelegate : Bootstrapping Spring Data JPA repositories in DEFAULT mode.
2023-10-20T01:21:26.533-05:00  INFO 18352 --- [main] .s.d.r.c.RepositoryConfigurationDelegate : Finished Spring Data repository scanning in 55 ms. Found 5 JPA repository interfaces.
2023-10-20T01:21:27.088-05:00  INFO 18352 --- [main] o.s.b.w.embedded.tomcat.TomcatWebServer  : Tomcat initialized with port(s): 8080 (http)
2023-10-20T01:21:27.098-05:00  INFO 18352 --- [main] o.apache.catalina.core.StandardService   : Starting service [Tomcat]
2023-10-20T01:21:27.099-05:00  INFO 18352 --- [main] o.apache.catalina.core.StandardEngine    : Starting Servlet engine: [Apache Tomcat/10.1.13]
2023-10-20T01:21:27.204-05:00  INFO 18352 --- [main] o.a.c.c.C.[Tomcat].[localhost].[/]       : Initializing Spring embedded WebApplicationContext
2023-10-20T01:21:27.205-05:00  INFO 18352 --- [main] w.s.c.ServletWebServerApplicationContext : Root WebApplicationContext: initialization completed in 1319 ms
2023-10-20T01:21:27.314-05:00  INFO 18352 --- [main] com.zaxxer.hikari.HikariDataSource       : HikariPool-1 - Starting...
2023-10-20T01:21:27.587-05:00  INFO 18352 --- [main] com.zaxxer.hikari.pool.HikariPool        : HikariPool-1 - Added connection com.mysql.cj.jdbc.ConnectionImpl@296edc75
2023-10-20T01:21:27.590-05:00  INFO 18352 --- [main] com.zaxxer.hikari.HikariDataSource       : HikariPool-1 - Start completed.
2023-10-20T01:21:27.677-05:00  INFO 18352 --- [main] o.hibernate.jpa.internal.util.LogHelper  : HHH000204: Processing PersistenceUnitInfo [name: default]
2023-10-20T01:21:27.734-05:00  INFO 18352 --- [main] org.hibernate.Version                    : HHH000412: Hibernate ORM core version 6.2.9.Final
2023-10-20T01:21:27.737-05:00  INFO 18352 --- [main] org.hibernate.cfg.Environment            : HHH000406: Using bytecode reflection optimizer
2023-10-20T01:21:27.888-05:00  INFO 18352 --- [main] o.h.b.i.BytecodeProviderInitiator        : HHH000021: Bytecode provider name : bytebuddy
2023-10-20T01:21:28.007-05:00  INFO 18352 --- [main] o.s.o.j.p.SpringPersistenceUnitInfo      : No LoadTimeWeaver setup: ignoring JPA class transformer
2023-10-20T01:21:28.253-05:00  INFO 18352 --- [main] o.h.b.i.BytecodeProviderInitiator        : HHH000021: Bytecode provider name : bytebuddy
2023-10-20T01:21:28.848-05:00  INFO 18352 --- [main] o.h.e.t.j.p.i.JtaPlatformInitiator       : HHH000490: Using JtaPlatform implementation: [org.hibernate.engine.transaction.jta.platform.internal.NoJtaPlatform]
2023-10-20T01:21:28.852-05:00  INFO 18352 --- [main] j.LocalContainerEntityManagerFactoryBean : Initialized JPA EntityManagerFactory for persistence unit 'default'
2023-10-20T01:21:29.230-05:00  INFO 18352 --- [main] o.s.d.j.r.query.QueryEnhancerFactory     : Hibernate is in classpath; If applicable, HQL parser will be used.
2023-10-20T01:21:29.793-05:00  INFO 18352 --- [main] o.s.s.web.DefaultSecurityFilterChain     : Will secure any request with [org.springframework.security.web.session.DisableEncodeUrlFilter@219c10c2, org.springframework.security.web.context.request.async.WebAsyncManagerIntegrationFilter@5e352e3a, org.springframework.security.web.context.SecurityContextHolderFilter@19beeb61, org.springframework.security.web.header.HeaderWriterFilter@3681c285, org.springframework.security.web.authentication.logout.LogoutFilter@13e12ab6, org.springframework.security.web.authentication.UsernamePasswordAuthenticationFilter@7413c41, org.springframework.security.web.savedrequest.RequestCacheAwareFilter@6f5d292c, org.springframework.security.web.servletapi.SecurityContextHolderAwareRequestFilter@69c7fe78, org.springframework.security.web.authentication.AnonymousAuthenticationFilter@1b26f006, org.springframework.security.web.access.ExceptionTranslationFilter@19cad9f0, org.springframework.security.web.access.intercept.AuthorizationFilter@6178ac9d]
2023-10-20T01:21:30.061-05:00  INFO 18352 --- [main] o.s.b.w.embedded.tomcat.TomcatWebServer  : Tomcat started on port(s): 8080 (http) with context path ''
2023-10-20T01:21:30.069-05:00  INFO 18352 --- [main] MoodleDrive.MoodleDriveApplication       : Started MoodleDriveApplication in 4.58 seconds (process running for 4.937)
2023-10-20T01:21:30.071-05:00  INFO 18352 --- [main] o.s.b.a.b.JobLauncherApplicationRunner   : Running default command line with: []
2023-10-20T01:21:35.371-05:00  INFO 18352 --- [http-nio-8080-exec-1] o.a.c.c.C.[Tomcat].[localhost].[/]       : Initializing Spring DispatcherServlet 'dispatcherServlet'
2023-10-20T01:21:35.371-05:00  INFO 18352 --- [http-nio-8080-exec-1] o.s.web.servlet.DispatcherServlet        : Initializing Servlet 'dispatcherServlet'
2023-10-20T01:21:35.372-05:00  INFO 18352 --- [http-nio-8080-exec-1] o.s.web.servlet.DispatcherServlet        : Completed initialization in 1 ms
2023-10-20T01:22:26.384-05:00  INFO 17528 --- [main] MoodleDrive.MoodleDriveApplication       : Starting MoodleDriveApplication using Java 17.0.8 with PID 17528 (D:\MoodleDrive\target\classes started by rarey in D:\MoodleDrive)
2023-10-20T01:22:26.386-05:00  INFO 17528 --- [main] MoodleDrive.MoodleDriveApplication       : No active profile set, falling back to 1 default profile: "default"
2023-10-20T01:22:27.009-05:00  INFO 17528 --- [main] .s.d.r.c.RepositoryConfigurationDelegate : Bootstrapping Spring Data JPA repositories in DEFAULT mode.
2023-10-20T01:22:27.074-05:00  INFO 17528 --- [main] .s.d.r.c.RepositoryConfigurationDelegate : Finished Spring Data repository scanning in 57 ms. Found 5 JPA repository interfaces.
2023-10-20T01:22:27.607-05:00  INFO 17528 --- [main] o.s.b.w.embedded.tomcat.TomcatWebServer  : Tomcat initialized with port(s): 8080 (http)
2023-10-20T01:22:27.617-05:00  INFO 17528 --- [main] o.apache.catalina.core.StandardService   : Starting service [Tomcat]
2023-10-20T01:22:27.618-05:00  INFO 17528 --- [main] o.apache.catalina.core.StandardEngine    : Starting Servlet engine: [Apache Tomcat/10.1.13]
2023-10-20T01:22:27.721-05:00  INFO 17528 --- [main] o.a.c.c.C.[Tomcat].[localhost].[/]       : Initializing Spring embedded WebApplicationContext
2023-10-20T01:22:27.721-05:00  INFO 17528 --- [main] w.s.c.ServletWebServerApplicationContext : Root WebApplicationContext: initialization completed in 1295 ms
2023-10-20T01:22:27.823-05:00  INFO 17528 --- [main] com.zaxxer.hikari.HikariDataSource       : HikariPool-1 - Starting...
2023-10-20T01:22:28.113-05:00  INFO 17528 --- [main] com.zaxxer.hikari.pool.HikariPool        : HikariPool-1 - Added connection com.mysql.cj.jdbc.ConnectionImpl@357c9bd9
2023-10-20T01:22:28.115-05:00  INFO 17528 --- [main] com.zaxxer.hikari.HikariDataSource       : HikariPool-1 - Start completed.
2023-10-20T01:22:28.205-05:00  INFO 17528 --- [main] o.hibernate.jpa.internal.util.LogHelper  : HHH000204: Processing PersistenceUnitInfo [name: default]
2023-10-20T01:22:28.256-05:00  INFO 17528 --- [main] org.hibernate.Version                    : HHH000412: Hibernate ORM core version 6.2.9.Final
2023-10-20T01:22:28.259-05:00  INFO 17528 --- [main] org.hibernate.cfg.Environment            : HHH000406: Using bytecode reflection optimizer
2023-10-20T01:22:28.411-05:00  INFO 17528 --- [main] o.h.b.i.BytecodeProviderInitiator        : HHH000021: Bytecode provider name : bytebuddy
2023-10-20T01:22:28.531-05:00  INFO 17528 --- [main] o.s.o.j.p.SpringPersistenceUnitInfo      : No LoadTimeWeaver setup: ignoring JPA class transformer
2023-10-20T01:22:28.776-05:00  INFO 17528 --- [main] o.h.b.i.BytecodeProviderInitiator        : HHH000021: Bytecode provider name : bytebuddy
2023-10-20T01:22:29.427-05:00  INFO 17528 --- [main] o.h.e.t.j.p.i.JtaPlatformInitiator       : HHH000490: Using JtaPlatform implementation: [org.hibernate.engine.transaction.jta.platform.internal.NoJtaPlatform]
2023-10-20T01:22:29.430-05:00  INFO 17528 --- [main] j.LocalContainerEntityManagerFactoryBean : Initialized JPA EntityManagerFactory for persistence unit 'default'
2023-10-20T01:22:29.778-05:00  INFO 17528 --- [main] o.s.d.j.r.query.QueryEnhancerFactory     : Hibernate is in classpath; If applicable, HQL parser will be used.
2023-10-20T01:22:30.324-05:00  INFO 17528 --- [main] o.s.s.web.DefaultSecurityFilterChain     : Will secure any request with [org.springframework.security.web.session.DisableEncodeUrlFilter@5e352e3a, org.springframework.security.web.context.request.async.WebAsyncManagerIntegrationFilter@1b26f006, org.springframework.security.web.context.SecurityContextHolderFilter@21139739, org.springframework.security.web.header.HeaderWriterFilter@6894d28d, org.springframework.security.web.authentication.logout.LogoutFilter@5bafe1f1, org.springframework.security.web.authentication.UsernamePasswordAuthenticationFilter@4177d427, org.springframework.security.web.savedrequest.RequestCacheAwareFilter@3c4940d2, org.springframework.security.web.servletapi.SecurityContextHolderAwareRequestFilter@1ffe7c42, org.springframework.security.web.authentication.AnonymousAuthenticationFilter@38a6ca39, org.springframework.security.web.access.ExceptionTranslationFilter@4cce421e, org.springframework.security.web.access.intercept.AuthorizationFilter@7413c41]
2023-10-20T01:22:30.583-05:00  INFO 17528 --- [main] o.s.b.w.embedded.tomcat.TomcatWebServer  : Tomcat started on port(s): 8080 (http) with context path ''
2023-10-20T01:22:30.591-05:00  INFO 17528 --- [main] MoodleDrive.MoodleDriveApplication       : Started MoodleDriveApplication in 4.558 seconds (process running for 4.914)
2023-10-20T01:22:30.593-05:00  INFO 17528 --- [main] o.s.b.a.b.JobLauncherApplicationRunner   : Running default command line with: []
2023-10-20T01:26:43.207-05:00  INFO 17528 --- [http-nio-8080-exec-1] o.a.c.c.C.[Tomcat].[localhost].[/]       : Initializing Spring DispatcherServlet 'dispatcherServlet'
2023-10-20T01:26:43.208-05:00  INFO 17528 --- [http-nio-8080-exec-1] o.s.web.servlet.DispatcherServlet        : Initializing Servlet 'dispatcherServlet'
2023-10-20T01:26:43.210-05:00  INFO 17528 --- [http-nio-8080-exec-1] o.s.web.servlet.DispatcherServlet        : Completed initialization in 2 ms
2023-10-20T01:30:09.745-05:00  INFO 10060 --- [main] MoodleDrive.MoodleDriveApplication       : Starting MoodleDriveApplication using Java 17.0.8 with PID 10060 (D:\MoodleDrive\target\classes started by rarey in D:\MoodleDrive)
2023-10-20T01:30:09.747-05:00  INFO 10060 --- [main] MoodleDrive.MoodleDriveApplication       : No active profile set, falling back to 1 default profile: "default"
2023-10-20T01:30:10.371-05:00  INFO 10060 --- [main] .s.d.r.c.RepositoryConfigurationDelegate : Bootstrapping Spring Data JPA repositories in DEFAULT mode.
2023-10-20T01:30:10.445-05:00  INFO 10060 --- [main] .s.d.r.c.RepositoryConfigurationDelegate : Finished Spring Data repository scanning in 64 ms. Found 5 JPA repository interfaces.
2023-10-20T01:30:11.002-05:00  INFO 10060 --- [main] o.s.b.w.embedded.tomcat.TomcatWebServer  : Tomcat initialized with port(s): 8080 (http)
2023-10-20T01:30:11.013-05:00  INFO 10060 --- [main] o.apache.catalina.core.StandardService   : Starting service [Tomcat]
2023-10-20T01:30:11.014-05:00  INFO 10060 --- [main] o.apache.catalina.core.StandardEngine    : Starting Servlet engine: [Apache Tomcat/10.1.13]
2023-10-20T01:30:11.118-05:00  INFO 10060 --- [main] o.a.c.c.C.[Tomcat].[localhost].[/]       : Initializing Spring embedded WebApplicationContext
2023-10-20T01:30:11.119-05:00  INFO 10060 --- [main] w.s.c.ServletWebServerApplicationContext : Root WebApplicationContext: initialization completed in 1332 ms
2023-10-20T01:30:11.222-05:00  INFO 10060 --- [main] com.zaxxer.hikari.HikariDataSource       : HikariPool-1 - Starting...
2023-10-20T01:30:11.478-05:00  INFO 10060 --- [main] com.zaxxer.hikari.pool.HikariPool        : HikariPool-1 - Added connection com.mysql.cj.jdbc.ConnectionImpl@78c262ba
2023-10-20T01:30:11.479-05:00  INFO 10060 --- [main] com.zaxxer.hikari.HikariDataSource       : HikariPool-1 - Start completed.
2023-10-20T01:30:11.551-05:00  INFO 10060 --- [main] o.hibernate.jpa.internal.util.LogHelper  : HHH000204: Processing PersistenceUnitInfo [name: default]
2023-10-20T01:30:11.596-05:00  INFO 10060 --- [main] org.hibernate.Version                    : HHH000412: Hibernate ORM core version 6.2.9.Final
2023-10-20T01:30:11.598-05:00  INFO 10060 --- [main] org.hibernate.cfg.Environment            : HHH000406: Using bytecode reflection optimizer
2023-10-20T01:30:11.745-05:00  INFO 10060 --- [main] o.h.b.i.BytecodeProviderInitiator        : HHH000021: Bytecode provider name : bytebuddy
2023-10-20T01:30:11.879-05:00  INFO 10060 --- [main] o.s.o.j.p.SpringPersistenceUnitInfo      : No LoadTimeWeaver setup: ignoring JPA class transformer
2023-10-20T01:30:12.119-05:00  INFO 10060 --- [main] o.h.b.i.BytecodeProviderInitiator        : HHH000021: Bytecode provider name : bytebuddy
2023-10-20T01:30:12.702-05:00  INFO 10060 --- [main] o.h.e.t.j.p.i.JtaPlatformInitiator       : HHH000490: Using JtaPlatform implementation: [org.hibernate.engine.transaction.jta.platform.internal.NoJtaPlatform]
2023-10-20T01:30:12.705-05:00  INFO 10060 --- [main] j.LocalContainerEntityManagerFactoryBean : Initialized JPA EntityManagerFactory for persistence unit 'default'
2023-10-20T01:30:13.056-05:00  INFO 10060 --- [main] o.s.d.j.r.query.QueryEnhancerFactory     : Hibernate is in classpath; If applicable, HQL parser will be used.
2023-10-20T01:30:13.596-05:00  INFO 10060 --- [main] o.s.s.web.DefaultSecurityFilterChain     : Will secure any request with [org.springframework.security.web.session.DisableEncodeUrlFilter@54464330, org.springframework.security.web.context.request.async.WebAsyncManagerIntegrationFilter@63b4a896, org.springframework.security.web.context.SecurityContextHolderFilter@381db99e, org.springframework.security.web.header.HeaderWriterFilter@70720b78, org.springframework.security.web.authentication.logout.LogoutFilter@282c0891, org.springframework.security.web.authentication.UsernamePasswordAuthenticationFilter@5be783a, org.springframework.security.web.savedrequest.RequestCacheAwareFilter@4163f505, org.springframework.security.web.servletapi.SecurityContextHolderAwareRequestFilter@6894d28d, org.springframework.security.web.authentication.AnonymousAuthenticationFilter@3feeab43, org.springframework.security.web.access.ExceptionTranslationFilter@77c41838, org.springframework.security.web.access.intercept.AuthorizationFilter@5bafe1f1]
2023-10-20T01:30:13.850-05:00  INFO 10060 --- [main] o.s.b.w.embedded.tomcat.TomcatWebServer  : Tomcat started on port(s): 8080 (http) with context path ''
2023-10-20T01:30:13.857-05:00  INFO 10060 --- [main] MoodleDrive.MoodleDriveApplication       : Started MoodleDriveApplication in 4.462 seconds (process running for 4.82)
2023-10-20T01:30:13.859-05:00  INFO 10060 --- [main] o.s.b.a.b.JobLauncherApplicationRunner   : Running default command line with: []
2023-10-20T01:30:24.139-05:00  INFO 10060 --- [http-nio-8080-exec-2] o.a.c.c.C.[Tomcat].[localhost].[/]       : Initializing Spring DispatcherServlet 'dispatcherServlet'
2023-10-20T01:30:24.139-05:00  INFO 10060 --- [http-nio-8080-exec-2] o.s.web.servlet.DispatcherServlet        : Initializing Servlet 'dispatcherServlet'
2023-10-20T01:30:24.140-05:00  INFO 10060 --- [http-nio-8080-exec-2] o.s.web.servlet.DispatcherServlet        : Completed initialization in 1 ms
2023-10-20T01:34:04.066-05:00  INFO 18032 --- [main] MoodleDrive.MoodleDriveApplication       : Starting MoodleDriveApplication using Java 17.0.8 with PID 18032 (D:\MoodleDrive\target\classes started by rarey in D:\MoodleDrive)
2023-10-20T01:34:04.068-05:00  INFO 18032 --- [main] MoodleDrive.MoodleDriveApplication       : No active profile set, falling back to 1 default profile: "default"
2023-10-20T01:34:04.681-05:00  INFO 18032 --- [main] .s.d.r.c.RepositoryConfigurationDelegate : Bootstrapping Spring Data JPA repositories in DEFAULT mode.
2023-10-20T01:34:04.744-05:00  INFO 18032 --- [main] .s.d.r.c.RepositoryConfigurationDelegate : Finished Spring Data repository scanning in 55 ms. Found 5 JPA repository interfaces.
2023-10-20T01:34:05.278-05:00  INFO 18032 --- [main] o.s.b.w.embedded.tomcat.TomcatWebServer  : Tomcat initialized with port(s): 8080 (http)
2023-10-20T01:34:05.287-05:00  INFO 18032 --- [main] o.apache.catalina.core.StandardService   : Starting service [Tomcat]
2023-10-20T01:34:05.287-05:00  INFO 18032 --- [main] o.apache.catalina.core.StandardEngine    : Starting Servlet engine: [Apache Tomcat/10.1.13]
2023-10-20T01:34:05.385-05:00  INFO 18032 --- [main] o.a.c.c.C.[Tomcat].[localhost].[/]       : Initializing Spring embedded WebApplicationContext
2023-10-20T01:34:05.386-05:00  INFO 18032 --- [main] w.s.c.ServletWebServerApplicationContext : Root WebApplicationContext: initialization completed in 1279 ms
2023-10-20T01:34:05.489-05:00  INFO 18032 --- [main] com.zaxxer.hikari.HikariDataSource       : HikariPool-1 - Starting...
2023-10-20T01:34:05.755-05:00  INFO 18032 --- [main] com.zaxxer.hikari.pool.HikariPool        : HikariPool-1 - Added connection com.mysql.cj.jdbc.ConnectionImpl@296edc75
2023-10-20T01:34:05.758-05:00  INFO 18032 --- [main] com.zaxxer.hikari.HikariDataSource       : HikariPool-1 - Start completed.
2023-10-20T01:34:05.837-05:00  INFO 18032 --- [main] o.hibernate.jpa.internal.util.LogHelper  : HHH000204: Processing PersistenceUnitInfo [name: default]
2023-10-20T01:34:05.892-05:00  INFO 18032 --- [main] org.hibernate.Version                    : HHH000412: Hibernate ORM core version 6.2.9.Final
2023-10-20T01:34:05.894-05:00  INFO 18032 --- [main] org.hibernate.cfg.Environment            : HHH000406: Using bytecode reflection optimizer
2023-10-20T01:34:06.061-05:00  INFO 18032 --- [main] o.h.b.i.BytecodeProviderInitiator        : HHH000021: Bytecode provider name : bytebuddy
2023-10-20T01:34:06.186-05:00  INFO 18032 --- [main] o.s.o.j.p.SpringPersistenceUnitInfo      : No LoadTimeWeaver setup: ignoring JPA class transformer
2023-10-20T01:34:06.424-05:00  INFO 18032 --- [main] o.h.b.i.BytecodeProviderInitiator        : HHH000021: Bytecode provider name : bytebuddy
2023-10-20T01:34:07.008-05:00  INFO 18032 --- [main] o.h.e.t.j.p.i.JtaPlatformInitiator       : HHH000490: Using JtaPlatform implementation: [org.hibernate.engine.transaction.jta.platform.internal.NoJtaPlatform]
2023-10-20T01:34:07.011-05:00  INFO 18032 --- [main] j.LocalContainerEntityManagerFactoryBean : Initialized JPA EntityManagerFactory for persistence unit 'default'
2023-10-20T01:34:07.379-05:00  INFO 18032 --- [main] o.s.d.j.r.query.QueryEnhancerFactory     : Hibernate is in classpath; If applicable, HQL parser will be used.
2023-10-20T01:34:07.913-05:00  INFO 18032 --- [main] o.s.s.web.DefaultSecurityFilterChain     : Will secure any request with [org.springframework.security.web.session.DisableEncodeUrlFilter@219c10c2, org.springframework.security.web.context.request.async.WebAsyncManagerIntegrationFilter@5e352e3a, org.springframework.security.web.context.SecurityContextHolderFilter@19beeb61, org.springframework.security.web.header.HeaderWriterFilter@3681c285, org.springframework.security.web.authentication.logout.LogoutFilter@13e12ab6, org.springframework.security.web.authentication.UsernamePasswordAuthenticationFilter@7413c41, org.springframework.security.web.savedrequest.RequestCacheAwareFilter@6f5d292c, org.springframework.security.web.servletapi.SecurityContextHolderAwareRequestFilter@69c7fe78, org.springframework.security.web.authentication.AnonymousAuthenticationFilter@1b26f006, org.springframework.security.web.access.ExceptionTranslationFilter@19cad9f0, org.springframework.security.web.access.intercept.AuthorizationFilter@6178ac9d]
2023-10-20T01:34:08.169-05:00  INFO 18032 --- [main] o.s.b.w.embedded.tomcat.TomcatWebServer  : Tomcat started on port(s): 8080 (http) with context path ''
2023-10-20T01:34:08.177-05:00  INFO 18032 --- [main] MoodleDrive.MoodleDriveApplication       : Started MoodleDriveApplication in 4.464 seconds (process running for 4.82)
2023-10-20T01:34:08.179-05:00  INFO 18032 --- [main] o.s.b.a.b.JobLauncherApplicationRunner   : Running default command line with: []
2023-10-20T01:34:18.693-05:00  INFO 18032 --- [http-nio-8080-exec-1] o.a.c.c.C.[Tomcat].[localhost].[/]       : Initializing Spring DispatcherServlet 'dispatcherServlet'
2023-10-20T01:34:18.693-05:00  INFO 18032 --- [http-nio-8080-exec-1] o.s.web.servlet.DispatcherServlet        : Initializing Servlet 'dispatcherServlet'
2023-10-20T01:34:18.694-05:00  INFO 18032 --- [http-nio-8080-exec-1] o.s.web.servlet.DispatcherServlet        : Completed initialization in 1 ms
2023-10-20T21:04:57.914-05:00  INFO 17216 --- [main] MoodleDrive.MoodleDriveApplication       : Starting MoodleDriveApplication using Java 17.0.8 with PID 17216 (D:\MoodleDrive\target\classes started by rarey in D:\MoodleDrive)
2023-10-20T21:04:57.916-05:00  INFO 17216 --- [main] MoodleDrive.MoodleDriveApplication       : No active profile set, falling back to 1 default profile: "default"
2023-10-20T21:04:58.587-05:00  INFO 17216 --- [main] .s.d.r.c.RepositoryConfigurationDelegate : Bootstrapping Spring Data JPA repositories in DEFAULT mode.
2023-10-20T21:04:58.653-05:00  INFO 17216 --- [main] .s.d.r.c.RepositoryConfigurationDelegate : Finished Spring Data repository scanning in 57 ms. Found 5 JPA repository interfaces.
2023-10-20T21:04:59.217-05:00  INFO 17216 --- [main] o.s.b.w.embedded.tomcat.TomcatWebServer  : Tomcat initialized with port(s): 8080 (http)
2023-10-20T21:04:59.227-05:00  INFO 17216 --- [main] o.apache.catalina.core.StandardService   : Starting service [Tomcat]
2023-10-20T21:04:59.227-05:00  INFO 17216 --- [main] o.apache.catalina.core.StandardEngine    : Starting Servlet engine: [Apache Tomcat/10.1.13]
2023-10-20T21:04:59.328-05:00  INFO 17216 --- [main] o.a.c.c.C.[Tomcat].[localhost].[/]       : Initializing Spring embedded WebApplicationContext
2023-10-20T21:04:59.328-05:00  INFO 17216 --- [main] w.s.c.ServletWebServerApplicationContext : Root WebApplicationContext: initialization completed in 1364 ms
2023-10-20T21:04:59.434-05:00  INFO 17216 --- [main] com.zaxxer.hikari.HikariDataSource       : HikariPool-1 - Starting...
2023-10-20T21:04:59.715-05:00  INFO 17216 --- [main] com.zaxxer.hikari.pool.HikariPool        : HikariPool-1 - Added connection com.mysql.cj.jdbc.ConnectionImpl@78c262ba
2023-10-20T21:04:59.717-05:00  INFO 17216 --- [main] com.zaxxer.hikari.HikariDataSource       : HikariPool-1 - Start completed.
2023-10-20T21:04:59.789-05:00  INFO 17216 --- [main] o.hibernate.jpa.internal.util.LogHelper  : HHH000204: Processing PersistenceUnitInfo [name: default]
2023-10-20T21:04:59.837-05:00  INFO 17216 --- [main] org.hibernate.Version                    : HHH000412: Hibernate ORM core version 6.2.9.Final
2023-10-20T21:04:59.839-05:00  INFO 17216 --- [main] org.hibernate.cfg.Environment            : HHH000406: Using bytecode reflection optimizer
2023-10-20T21:04:59.988-05:00  INFO 17216 --- [main] o.h.b.i.BytecodeProviderInitiator        : HHH000021: Bytecode provider name : bytebuddy
2023-10-20T21:05:00.117-05:00  INFO 17216 --- [main] o.s.o.j.p.SpringPersistenceUnitInfo      : No LoadTimeWeaver setup: ignoring JPA class transformer
2023-10-20T21:05:00.360-05:00  INFO 17216 --- [main] o.h.b.i.BytecodeProviderInitiator        : HHH000021: Bytecode provider name : bytebuddy
2023-10-20T21:05:00.948-05:00  INFO 17216 --- [main] o.h.e.t.j.p.i.JtaPlatformInitiator       : HHH000490: Using JtaPlatform implementation: [org.hibernate.engine.transaction.jta.platform.internal.NoJtaPlatform]
2023-10-20T21:05:00.951-05:00  INFO 17216 --- [main] j.LocalContainerEntityManagerFactoryBean : Initialized JPA EntityManagerFactory for persistence unit 'default'
2023-10-20T21:05:01.320-05:00  INFO 17216 --- [main] o.s.d.j.r.query.QueryEnhancerFactory     : Hibernate is in classpath; If applicable, HQL parser will be used.
2023-10-20T21:05:01.903-05:00  INFO 17216 --- [main] o.s.s.web.DefaultSecurityFilterChain     : Will secure any request with [org.springframework.security.web.session.DisableEncodeUrlFilter@54464330, org.springframework.security.web.context.request.async.WebAsyncManagerIntegrationFilter@63b4a896, org.springframework.security.web.context.SecurityContextHolderFilter@381db99e, org.springframework.security.web.header.HeaderWriterFilter@70720b78, org.springframework.security.web.authentication.logout.LogoutFilter@282c0891, org.springframework.security.web.authentication.UsernamePasswordAuthenticationFilter@5be783a, org.springframework.security.web.savedrequest.RequestCacheAwareFilter@4163f505, org.springframework.security.web.servletapi.SecurityContextHolderAwareRequestFilter@6894d28d, org.springframework.security.web.authentication.AnonymousAuthenticationFilter@3feeab43, org.springframework.security.web.access.ExceptionTranslationFilter@77c41838, org.springframework.security.web.access.intercept.AuthorizationFilter@5bafe1f1]
2023-10-20T21:05:02.204-05:00  INFO 17216 --- [main] o.s.b.w.embedded.tomcat.TomcatWebServer  : Tomcat started on port(s): 8080 (http) with context path ''
2023-10-20T21:05:02.212-05:00  INFO 17216 --- [main] MoodleDrive.MoodleDriveApplication       : Started MoodleDriveApplication in 4.678 seconds (process running for 5.049)
2023-10-20T21:05:02.215-05:00  INFO 17216 --- [main] o.s.b.a.b.JobLauncherApplicationRunner   : Running default command line with: []
2023-10-20T21:05:05.065-05:00  INFO 17216 --- [http-nio-8080-exec-1] o.a.c.c.C.[Tomcat].[localhost].[/]       : Initializing Spring DispatcherServlet 'dispatcherServlet'
2023-10-20T21:05:05.065-05:00  INFO 17216 --- [http-nio-8080-exec-1] o.s.web.servlet.DispatcherServlet        : Initializing Servlet 'dispatcherServlet'
2023-10-20T21:05:05.066-05:00  INFO 17216 --- [http-nio-8080-exec-1] o.s.web.servlet.DispatcherServlet        : Completed initialization in 0 ms
2023-10-20T21:05:51.513-05:00  INFO 19096 --- [main] MoodleDrive.MoodleDriveApplication       : Starting MoodleDriveApplication using Java 17.0.8 with PID 19096 (D:\MoodleDrive\target\classes started by rarey in D:\MoodleDrive)
2023-10-20T21:05:51.515-05:00  INFO 19096 --- [main] MoodleDrive.MoodleDriveApplication       : No active profile set, falling back to 1 default profile: "default"
2023-10-20T21:05:52.191-05:00  INFO 19096 --- [main] .s.d.r.c.RepositoryConfigurationDelegate : Bootstrapping Spring Data JPA repositories in DEFAULT mode.
2023-10-20T21:05:52.258-05:00  INFO 19096 --- [main] .s.d.r.c.RepositoryConfigurationDelegate : Finished Spring Data repository scanning in 59 ms. Found 5 JPA repository interfaces.
2023-10-20T21:05:52.836-05:00  INFO 19096 --- [main] o.s.b.w.embedded.tomcat.TomcatWebServer  : Tomcat initialized with port(s): 8080 (http)
2023-10-20T21:05:52.847-05:00  INFO 19096 --- [main] o.apache.catalina.core.StandardService   : Starting service [Tomcat]
2023-10-20T21:05:52.847-05:00  INFO 19096 --- [main] o.apache.catalina.core.StandardEngine    : Starting Servlet engine: [Apache Tomcat/10.1.13]
2023-10-20T21:05:52.961-05:00  INFO 19096 --- [main] o.a.c.c.C.[Tomcat].[localhost].[/]       : Initializing Spring embedded WebApplicationContext
2023-10-20T21:05:52.961-05:00  INFO 19096 --- [main] w.s.c.ServletWebServerApplicationContext : Root WebApplicationContext: initialization completed in 1400 ms
2023-10-20T21:05:53.097-05:00  INFO 19096 --- [main] com.zaxxer.hikari.HikariDataSource       : HikariPool-1 - Starting...
2023-10-20T21:05:53.375-05:00  INFO 19096 --- [main] com.zaxxer.hikari.pool.HikariPool        : HikariPool-1 - Added connection com.mysql.cj.jdbc.ConnectionImpl@450f0235
2023-10-20T21:05:53.377-05:00  INFO 19096 --- [main] com.zaxxer.hikari.HikariDataSource       : HikariPool-1 - Start completed.
2023-10-20T21:05:53.449-05:00  INFO 19096 --- [main] o.hibernate.jpa.internal.util.LogHelper  : HHH000204: Processing PersistenceUnitInfo [name: default]
2023-10-20T21:05:53.501-05:00  INFO 19096 --- [main] org.hibernate.Version                    : HHH000412: Hibernate ORM core version 6.2.9.Final
2023-10-20T21:05:53.504-05:00  INFO 19096 --- [main] org.hibernate.cfg.Environment            : HHH000406: Using bytecode reflection optimizer
2023-10-20T21:05:53.661-05:00  INFO 19096 --- [main] o.h.b.i.BytecodeProviderInitiator        : HHH000021: Bytecode provider name : bytebuddy
2023-10-20T21:05:53.787-05:00  INFO 19096 --- [main] o.s.o.j.p.SpringPersistenceUnitInfo      : No LoadTimeWeaver setup: ignoring JPA class transformer
2023-10-20T21:05:54.027-05:00  INFO 19096 --- [main] o.h.b.i.BytecodeProviderInitiator        : HHH000021: Bytecode provider name : bytebuddy
2023-10-20T21:05:54.650-05:00  INFO 19096 --- [main] o.h.e.t.j.p.i.JtaPlatformInitiator       : HHH000490: Using JtaPlatform implementation: [org.hibernate.engine.transaction.jta.platform.internal.NoJtaPlatform]
2023-10-20T21:05:54.653-05:00  INFO 19096 --- [main] j.LocalContainerEntityManagerFactoryBean : Initialized JPA EntityManagerFactory for persistence unit 'default'
2023-10-20T21:05:55.029-05:00  INFO 19096 --- [main] o.s.d.j.r.query.QueryEnhancerFactory     : Hibernate is in classpath; If applicable, HQL parser will be used.
2023-10-20T21:05:55.632-05:00  INFO 19096 --- [main] o.s.s.web.DefaultSecurityFilterChain     : Will secure any request with [org.springframework.security.web.session.DisableEncodeUrlFilter@224f90eb, org.springframework.security.web.context.request.async.WebAsyncManagerIntegrationFilter@54464330, org.springframework.security.web.context.SecurityContextHolderFilter@355da59c, org.springframework.security.web.header.HeaderWriterFilter@1872a7fe, org.springframework.security.web.authentication.logout.LogoutFilter@27381497, org.springframework.security.web.authentication.UsernamePasswordAuthenticationFilter@5bafe1f1, org.springframework.security.web.savedrequest.RequestCacheAwareFilter@58545c2e, org.springframework.security.web.servletapi.SecurityContextHolderAwareRequestFilter@3681c285, org.springframework.security.web.authentication.AnonymousAuthenticationFilter@63b4a896, org.springframework.security.web.access.ExceptionTranslationFilter@5f59b6c5, org.springframework.security.web.access.intercept.AuthorizationFilter@13e12ab6]
2023-10-20T21:05:55.916-05:00  INFO 19096 --- [main] o.s.b.w.embedded.tomcat.TomcatWebServer  : Tomcat started on port(s): 8080 (http) with context path ''
2023-10-20T21:05:55.924-05:00  INFO 19096 --- [main] MoodleDrive.MoodleDriveApplication       : Started MoodleDriveApplication in 4.794 seconds (process running for 5.162)
2023-10-20T21:05:55.926-05:00  INFO 19096 --- [main] o.s.b.a.b.JobLauncherApplicationRunner   : Running default command line with: []
2023-10-20T21:05:57.655-05:00  INFO 19096 --- [http-nio-8080-exec-1] o.a.c.c.C.[Tomcat].[localhost].[/]       : Initializing Spring DispatcherServlet 'dispatcherServlet'
2023-10-20T21:05:57.656-05:00  INFO 19096 --- [http-nio-8080-exec-1] o.s.web.servlet.DispatcherServlet        : Initializing Servlet 'dispatcherServlet'
2023-10-20T21:05:57.658-05:00  INFO 19096 --- [http-nio-8080-exec-1] o.s.web.servlet.DispatcherServlet        : Completed initialization in 2 ms
2023-10-20T21:14:10.670-05:00  INFO 9624 --- [main] MoodleDrive.MoodleDriveApplication       : Starting MoodleDriveApplication using Java 17.0.8 with PID 9624 (D:\MoodleDrive\target\classes started by rarey in D:\MoodleDrive)
2023-10-20T21:14:10.673-05:00  INFO 9624 --- [main] MoodleDrive.MoodleDriveApplication       : No active profile set, falling back to 1 default profile: "default"
2023-10-20T21:14:11.396-05:00  INFO 9624 --- [main] .s.d.r.c.RepositoryConfigurationDelegate : Bootstrapping Spring Data JPA repositories in DEFAULT mode.
2023-10-20T21:14:11.464-05:00  INFO 9624 --- [main] .s.d.r.c.RepositoryConfigurationDelegate : Finished Spring Data repository scanning in 59 ms. Found 5 JPA repository interfaces.
2023-10-20T21:14:12.011-05:00  INFO 9624 --- [main] o.s.b.w.embedded.tomcat.TomcatWebServer  : Tomcat initialized with port(s): 8080 (http)
2023-10-20T21:14:12.022-05:00  INFO 9624 --- [main] o.apache.catalina.core.StandardService   : Starting service [Tomcat]
2023-10-20T21:14:12.022-05:00  INFO 9624 --- [main] o.apache.catalina.core.StandardEngine    : Starting Servlet engine: [Apache Tomcat/10.1.13]
2023-10-20T21:14:12.123-05:00  INFO 9624 --- [main] o.a.c.c.C.[Tomcat].[localhost].[/]       : Initializing Spring embedded WebApplicationContext
2023-10-20T21:14:12.124-05:00  INFO 9624 --- [main] w.s.c.ServletWebServerApplicationContext : Root WebApplicationContext: initialization completed in 1404 ms
2023-10-20T21:14:12.230-05:00  INFO 9624 --- [main] com.zaxxer.hikari.HikariDataSource       : HikariPool-1 - Starting...
2023-10-20T21:14:12.503-05:00  INFO 9624 --- [main] com.zaxxer.hikari.pool.HikariPool        : HikariPool-1 - Added connection com.mysql.cj.jdbc.ConnectionImpl@357c9bd9
2023-10-20T21:14:12.504-05:00  INFO 9624 --- [main] com.zaxxer.hikari.HikariDataSource       : HikariPool-1 - Start completed.
2023-10-20T21:14:12.576-05:00  INFO 9624 --- [main] o.hibernate.jpa.internal.util.LogHelper  : HHH000204: Processing PersistenceUnitInfo [name: default]
2023-10-20T21:14:12.630-05:00  INFO 9624 --- [main] org.hibernate.Version                    : HHH000412: Hibernate ORM core version 6.2.9.Final
2023-10-20T21:14:12.632-05:00  INFO 9624 --- [main] org.hibernate.cfg.Environment            : HHH000406: Using bytecode reflection optimizer
2023-10-20T21:14:12.789-05:00  INFO 9624 --- [main] o.h.b.i.BytecodeProviderInitiator        : HHH000021: Bytecode provider name : bytebuddy
2023-10-20T21:14:12.923-05:00  INFO 9624 --- [main] o.s.o.j.p.SpringPersistenceUnitInfo      : No LoadTimeWeaver setup: ignoring JPA class transformer
2023-10-20T21:14:13.166-05:00  INFO 9624 --- [main] o.h.b.i.BytecodeProviderInitiator        : HHH000021: Bytecode provider name : bytebuddy
2023-10-20T21:14:13.767-05:00  INFO 9624 --- [main] o.h.e.t.j.p.i.JtaPlatformInitiator       : HHH000490: Using JtaPlatform implementation: [org.hibernate.engine.transaction.jta.platform.internal.NoJtaPlatform]
2023-10-20T21:14:13.770-05:00  INFO 9624 --- [main] j.LocalContainerEntityManagerFactoryBean : Initialized JPA EntityManagerFactory for persistence unit 'default'
2023-10-20T21:14:14.132-05:00  INFO 9624 --- [main] o.s.d.j.r.query.QueryEnhancerFactory     : Hibernate is in classpath; If applicable, HQL parser will be used.
2023-10-20T21:14:14.691-05:00  INFO 9624 --- [main] o.s.s.web.DefaultSecurityFilterChain     : Will secure any request with [org.springframework.security.web.session.DisableEncodeUrlFilter@5e352e3a, org.springframework.security.web.context.request.async.WebAsyncManagerIntegrationFilter@1b26f006, org.springframework.security.web.context.SecurityContextHolderFilter@21139739, org.springframework.security.web.header.HeaderWriterFilter@6894d28d, org.springframework.security.web.authentication.logout.LogoutFilter@5bafe1f1, org.springframework.security.web.authentication.UsernamePasswordAuthenticationFilter@4177d427, org.springframework.security.web.savedrequest.RequestCacheAwareFilter@3c4940d2, org.springframework.security.web.servletapi.SecurityContextHolderAwareRequestFilter@1ffe7c42, org.springframework.security.web.authentication.AnonymousAuthenticationFilter@38a6ca39, org.springframework.security.web.access.ExceptionTranslationFilter@4cce421e, org.springframework.security.web.access.intercept.AuthorizationFilter@7413c41]
2023-10-20T21:14:14.956-05:00  INFO 9624 --- [main] o.s.b.w.embedded.tomcat.TomcatWebServer  : Tomcat started on port(s): 8080 (http) with context path ''
2023-10-20T21:14:14.963-05:00  INFO 9624 --- [main] MoodleDrive.MoodleDriveApplication       : Started MoodleDriveApplication in 4.657 seconds (process running for 5.046)
2023-10-20T21:14:14.965-05:00  INFO 9624 --- [main] o.s.b.a.b.JobLauncherApplicationRunner   : Running default command line with: []
2023-10-20T21:15:56.665-05:00  INFO 9624 --- [http-nio-8080-exec-1] o.a.c.c.C.[Tomcat].[localhost].[/]       : Initializing Spring DispatcherServlet 'dispatcherServlet'
2023-10-20T21:15:56.666-05:00  INFO 9624 --- [http-nio-8080-exec-1] o.s.web.servlet.DispatcherServlet        : Initializing Servlet 'dispatcherServlet'
2023-10-20T21:15:56.667-05:00  INFO 9624 --- [http-nio-8080-exec-1] o.s.web.servlet.DispatcherServlet        : Completed initialization in 1 ms
2023-10-20T21:17:23.251-05:00  INFO 20464 --- [main] MoodleDrive.MoodleDriveApplication       : Starting MoodleDriveApplication using Java 17.0.8 with PID 20464 (D:\MoodleDrive\target\classes started by rarey in D:\MoodleDrive)
2023-10-20T21:17:23.253-05:00  INFO 20464 --- [main] MoodleDrive.MoodleDriveApplication       : No active profile set, falling back to 1 default profile: "default"
2023-10-20T21:17:23.890-05:00  INFO 20464 --- [main] .s.d.r.c.RepositoryConfigurationDelegate : Bootstrapping Spring Data JPA repositories in DEFAULT mode.
2023-10-20T21:17:23.961-05:00  INFO 20464 --- [main] .s.d.r.c.RepositoryConfigurationDelegate : Finished Spring Data repository scanning in 63 ms. Found 5 JPA repository interfaces.
2023-10-20T21:17:24.496-05:00  INFO 20464 --- [main] o.s.b.w.embedded.tomcat.TomcatWebServer  : Tomcat initialized with port(s): 8080 (http)
2023-10-20T21:17:24.507-05:00  INFO 20464 --- [main] o.apache.catalina.core.StandardService   : Starting service [Tomcat]
2023-10-20T21:17:24.507-05:00  INFO 20464 --- [main] o.apache.catalina.core.StandardEngine    : Starting Servlet engine: [Apache Tomcat/10.1.13]
2023-10-20T21:17:24.609-05:00  INFO 20464 --- [main] o.a.c.c.C.[Tomcat].[localhost].[/]       : Initializing Spring embedded WebApplicationContext
2023-10-20T21:17:24.609-05:00  INFO 20464 --- [main] w.s.c.ServletWebServerApplicationContext : Root WebApplicationContext: initialization completed in 1317 ms
2023-10-20T21:17:24.705-05:00  INFO 20464 --- [main] com.zaxxer.hikari.HikariDataSource       : HikariPool-1 - Starting...
2023-10-20T21:17:24.977-05:00  INFO 20464 --- [main] com.zaxxer.hikari.pool.HikariPool        : HikariPool-1 - Added connection com.mysql.cj.jdbc.ConnectionImpl@450f0235
2023-10-20T21:17:24.978-05:00  INFO 20464 --- [main] com.zaxxer.hikari.HikariDataSource       : HikariPool-1 - Start completed.
2023-10-20T21:17:25.054-05:00  INFO 20464 --- [main] o.hibernate.jpa.internal.util.LogHelper  : HHH000204: Processing PersistenceUnitInfo [name: default]
2023-10-20T21:17:25.101-05:00  INFO 20464 --- [main] org.hibernate.Version                    : HHH000412: Hibernate ORM core version 6.2.9.Final
2023-10-20T21:17:25.104-05:00  INFO 20464 --- [main] org.hibernate.cfg.Environment            : HHH000406: Using bytecode reflection optimizer
2023-10-20T21:17:25.247-05:00  INFO 20464 --- [main] o.h.b.i.BytecodeProviderInitiator        : HHH000021: Bytecode provider name : bytebuddy
2023-10-20T21:17:25.373-05:00  INFO 20464 --- [main] o.s.o.j.p.SpringPersistenceUnitInfo      : No LoadTimeWeaver setup: ignoring JPA class transformer
2023-10-20T21:17:25.611-05:00  INFO 20464 --- [main] o.h.b.i.BytecodeProviderInitiator        : HHH000021: Bytecode provider name : bytebuddy
2023-10-20T21:17:26.211-05:00  INFO 20464 --- [main] o.h.e.t.j.p.i.JtaPlatformInitiator       : HHH000490: Using JtaPlatform implementation: [org.hibernate.engine.transaction.jta.platform.internal.NoJtaPlatform]
2023-10-20T21:17:26.214-05:00  INFO 20464 --- [main] j.LocalContainerEntityManagerFactoryBean : Initialized JPA EntityManagerFactory for persistence unit 'default'
2023-10-20T21:17:26.590-05:00  INFO 20464 --- [main] o.s.d.j.r.query.QueryEnhancerFactory     : Hibernate is in classpath; If applicable, HQL parser will be used.
2023-10-20T21:17:27.136-05:00  INFO 20464 --- [main] o.s.s.web.DefaultSecurityFilterChain     : Will secure any request with [org.springframework.security.web.session.DisableEncodeUrlFilter@224f90eb, org.springframework.security.web.context.request.async.WebAsyncManagerIntegrationFilter@54464330, org.springframework.security.web.context.SecurityContextHolderFilter@355da59c, org.springframework.security.web.header.HeaderWriterFilter@1872a7fe, org.springframework.security.web.authentication.logout.LogoutFilter@27381497, org.springframework.security.web.authentication.UsernamePasswordAuthenticationFilter@5bafe1f1, org.springframework.security.web.savedrequest.RequestCacheAwareFilter@58545c2e, org.springframework.security.web.servletapi.SecurityContextHolderAwareRequestFilter@3681c285, org.springframework.security.web.authentication.AnonymousAuthenticationFilter@63b4a896, org.springframework.security.web.access.ExceptionTranslationFilter@5f59b6c5, org.springframework.security.web.access.intercept.AuthorizationFilter@13e12ab6]
2023-10-20T21:17:27.402-05:00  INFO 20464 --- [main] o.s.b.w.embedded.tomcat.TomcatWebServer  : Tomcat started on port(s): 8080 (http) with context path ''
2023-10-20T21:17:27.410-05:00  INFO 20464 --- [main] MoodleDrive.MoodleDriveApplication       : Started MoodleDriveApplication in 4.51 seconds (process running for 4.865)
2023-10-20T21:17:27.412-05:00  INFO 20464 --- [main] o.s.b.a.b.JobLauncherApplicationRunner   : Running default command line with: []
2023-10-20T21:17:43.939-05:00  INFO 20464 --- [http-nio-8080-exec-1] o.a.c.c.C.[Tomcat].[localhost].[/]       : Initializing Spring DispatcherServlet 'dispatcherServlet'
2023-10-20T21:17:43.940-05:00  INFO 20464 --- [http-nio-8080-exec-1] o.s.web.servlet.DispatcherServlet        : Initializing Servlet 'dispatcherServlet'
2023-10-20T21:17:43.941-05:00  INFO 20464 --- [http-nio-8080-exec-1] o.s.web.servlet.DispatcherServlet        : Completed initialization in 0 ms
2023-10-20T21:34:24.303-05:00  INFO 10624 --- [main] MoodleDrive.MoodleDriveApplication       : Starting MoodleDriveApplication using Java 17.0.8 with PID 10624 (D:\MoodleDrive\target\classes started by rarey in D:\MoodleDrive)
2023-10-20T21:34:24.305-05:00  INFO 10624 --- [main] MoodleDrive.MoodleDriveApplication       : No active profile set, falling back to 1 default profile: "default"
2023-10-20T21:34:24.947-05:00  INFO 10624 --- [main] .s.d.r.c.RepositoryConfigurationDelegate : Bootstrapping Spring Data JPA repositories in DEFAULT mode.
2023-10-20T21:34:25.011-05:00  INFO 10624 --- [main] .s.d.r.c.RepositoryConfigurationDelegate : Finished Spring Data repository scanning in 56 ms. Found 5 JPA repository interfaces.
2023-10-20T21:34:25.563-05:00  INFO 10624 --- [main] o.s.b.w.embedded.tomcat.TomcatWebServer  : Tomcat initialized with port(s): 8080 (http)
2023-10-20T21:34:25.573-05:00  INFO 10624 --- [main] o.apache.catalina.core.StandardService   : Starting service [Tomcat]
2023-10-20T21:34:25.574-05:00  INFO 10624 --- [main] o.apache.catalina.core.StandardEngine    : Starting Servlet engine: [Apache Tomcat/10.1.13]
2023-10-20T21:34:25.688-05:00  INFO 10624 --- [main] o.a.c.c.C.[Tomcat].[localhost].[/]       : Initializing Spring embedded WebApplicationContext
2023-10-20T21:34:25.689-05:00  INFO 10624 --- [main] w.s.c.ServletWebServerApplicationContext : Root WebApplicationContext: initialization completed in 1343 ms
2023-10-20T21:34:25.812-05:00  INFO 10624 --- [main] com.zaxxer.hikari.HikariDataSource       : HikariPool-1 - Starting...
2023-10-20T21:34:26.083-05:00  INFO 10624 --- [main] com.zaxxer.hikari.pool.HikariPool        : HikariPool-1 - Added connection com.mysql.cj.jdbc.ConnectionImpl@450f0235
2023-10-20T21:34:26.085-05:00  INFO 10624 --- [main] com.zaxxer.hikari.HikariDataSource       : HikariPool-1 - Start completed.
2023-10-20T21:34:26.157-05:00  INFO 10624 --- [main] o.hibernate.jpa.internal.util.LogHelper  : HHH000204: Processing PersistenceUnitInfo [name: default]
2023-10-20T21:34:26.204-05:00  INFO 10624 --- [main] org.hibernate.Version                    : HHH000412: Hibernate ORM core version 6.2.9.Final
2023-10-20T21:34:26.207-05:00  INFO 10624 --- [main] org.hibernate.cfg.Environment            : HHH000406: Using bytecode reflection optimizer
2023-10-20T21:34:26.349-05:00  INFO 10624 --- [main] o.h.b.i.BytecodeProviderInitiator        : HHH000021: Bytecode provider name : bytebuddy
2023-10-20T21:34:26.478-05:00  INFO 10624 --- [main] o.s.o.j.p.SpringPersistenceUnitInfo      : No LoadTimeWeaver setup: ignoring JPA class transformer
2023-10-20T21:34:26.718-05:00  INFO 10624 --- [main] o.h.b.i.BytecodeProviderInitiator        : HHH000021: Bytecode provider name : bytebuddy
2023-10-20T21:34:27.301-05:00  INFO 10624 --- [main] o.h.e.t.j.p.i.JtaPlatformInitiator       : HHH000490: Using JtaPlatform implementation: [org.hibernate.engine.transaction.jta.platform.internal.NoJtaPlatform]
2023-10-20T21:34:27.305-05:00  INFO 10624 --- [main] j.LocalContainerEntityManagerFactoryBean : Initialized JPA EntityManagerFactory for persistence unit 'default'
2023-10-20T21:34:27.661-05:00  INFO 10624 --- [main] o.s.d.j.r.query.QueryEnhancerFactory     : Hibernate is in classpath; If applicable, HQL parser will be used.
2023-10-20T21:34:28.213-05:00  INFO 10624 --- [main] o.s.s.web.DefaultSecurityFilterChain     : Will secure any request with [org.springframework.security.web.session.DisableEncodeUrlFilter@224f90eb, org.springframework.security.web.context.request.async.WebAsyncManagerIntegrationFilter@54464330, org.springframework.security.web.context.SecurityContextHolderFilter@355da59c, org.springframework.security.web.header.HeaderWriterFilter@1872a7fe, org.springframework.security.web.authentication.logout.LogoutFilter@27381497, org.springframework.security.web.authentication.UsernamePasswordAuthenticationFilter@5bafe1f1, org.springframework.security.web.savedrequest.RequestCacheAwareFilter@58545c2e, org.springframework.security.web.servletapi.SecurityContextHolderAwareRequestFilter@3681c285, org.springframework.security.web.authentication.AnonymousAuthenticationFilter@63b4a896, org.springframework.security.web.access.ExceptionTranslationFilter@5f59b6c5, org.springframework.security.web.access.intercept.AuthorizationFilter@13e12ab6]
2023-10-20T21:34:28.475-05:00  INFO 10624 --- [main] o.s.b.w.embedded.tomcat.TomcatWebServer  : Tomcat started on port(s): 8080 (http) with context path ''
2023-10-20T21:34:28.484-05:00  INFO 10624 --- [main] MoodleDrive.MoodleDriveApplication       : Started MoodleDriveApplication in 4.546 seconds (process running for 4.926)
2023-10-20T21:34:28.486-05:00  INFO 10624 --- [main] o.s.b.a.b.JobLauncherApplicationRunner   : Running default command line with: []
2023-10-20T21:36:01.826-05:00  INFO 10624 --- [http-nio-8080-exec-1] o.a.c.c.C.[Tomcat].[localhost].[/]       : Initializing Spring DispatcherServlet 'dispatcherServlet'
2023-10-20T21:36:01.827-05:00  INFO 10624 --- [http-nio-8080-exec-1] o.s.web.servlet.DispatcherServlet        : Initializing Servlet 'dispatcherServlet'
2023-10-20T21:36:01.828-05:00  INFO 10624 --- [http-nio-8080-exec-1] o.s.web.servlet.DispatcherServlet        : Completed initialization in 1 ms
2023-10-20T21:39:51.215-05:00  INFO 9144 --- [main] MoodleDrive.MoodleDriveApplication       : Starting MoodleDriveApplication using Java 17.0.8 with PID 9144 (D:\MoodleDrive\target\classes started by rarey in D:\MoodleDrive)
2023-10-20T21:39:51.217-05:00  INFO 9144 --- [main] MoodleDrive.MoodleDriveApplication       : No active profile set, falling back to 1 default profile: "default"
2023-10-20T21:39:51.861-05:00  INFO 9144 --- [main] .s.d.r.c.RepositoryConfigurationDelegate : Bootstrapping Spring Data JPA repositories in DEFAULT mode.
2023-10-20T21:39:51.924-05:00  INFO 9144 --- [main] .s.d.r.c.RepositoryConfigurationDelegate : Finished Spring Data repository scanning in 55 ms. Found 5 JPA repository interfaces.
2023-10-20T21:39:52.460-05:00  INFO 9144 --- [main] o.s.b.w.embedded.tomcat.TomcatWebServer  : Tomcat initialized with port(s): 8080 (http)
2023-10-20T21:39:52.472-05:00  INFO 9144 --- [main] o.apache.catalina.core.StandardService   : Starting service [Tomcat]
2023-10-20T21:39:52.472-05:00  INFO 9144 --- [main] o.apache.catalina.core.StandardEngine    : Starting Servlet engine: [Apache Tomcat/10.1.13]
2023-10-20T21:39:52.570-05:00  INFO 9144 --- [main] o.a.c.c.C.[Tomcat].[localhost].[/]       : Initializing Spring embedded WebApplicationContext
2023-10-20T21:39:52.571-05:00  INFO 9144 --- [main] w.s.c.ServletWebServerApplicationContext : Root WebApplicationContext: initialization completed in 1313 ms
2023-10-20T21:39:52.674-05:00  INFO 9144 --- [main] com.zaxxer.hikari.HikariDataSource       : HikariPool-1 - Starting...
2023-10-20T21:39:52.939-05:00  INFO 9144 --- [main] com.zaxxer.hikari.pool.HikariPool        : HikariPool-1 - Added connection com.mysql.cj.jdbc.ConnectionImpl@78c262ba
2023-10-20T21:39:52.941-05:00  INFO 9144 --- [main] com.zaxxer.hikari.HikariDataSource       : HikariPool-1 - Start completed.
2023-10-20T21:39:53.013-05:00  INFO 9144 --- [main] o.hibernate.jpa.internal.util.LogHelper  : HHH000204: Processing PersistenceUnitInfo [name: default]
2023-10-20T21:39:53.058-05:00  INFO 9144 --- [main] org.hibernate.Version                    : HHH000412: Hibernate ORM core version 6.2.9.Final
2023-10-20T21:39:53.060-05:00  INFO 9144 --- [main] org.hibernate.cfg.Environment            : HHH000406: Using bytecode reflection optimizer
2023-10-20T21:39:53.204-05:00  INFO 9144 --- [main] o.h.b.i.BytecodeProviderInitiator        : HHH000021: Bytecode provider name : bytebuddy
2023-10-20T21:39:53.328-05:00  INFO 9144 --- [main] o.s.o.j.p.SpringPersistenceUnitInfo      : No LoadTimeWeaver setup: ignoring JPA class transformer
2023-10-20T21:39:53.573-05:00  INFO 9144 --- [main] o.h.b.i.BytecodeProviderInitiator        : HHH000021: Bytecode provider name : bytebuddy
2023-10-20T21:39:54.161-05:00  INFO 9144 --- [main] o.h.e.t.j.p.i.JtaPlatformInitiator       : HHH000490: Using JtaPlatform implementation: [org.hibernate.engine.transaction.jta.platform.internal.NoJtaPlatform]
2023-10-20T21:39:54.164-05:00  INFO 9144 --- [main] j.LocalContainerEntityManagerFactoryBean : Initialized JPA EntityManagerFactory for persistence unit 'default'
2023-10-20T21:39:54.564-05:00  INFO 9144 --- [main] o.s.d.j.r.query.QueryEnhancerFactory     : Hibernate is in classpath; If applicable, HQL parser will be used.
2023-10-20T21:39:55.105-05:00  INFO 9144 --- [main] o.s.s.web.DefaultSecurityFilterChain     : Will secure any request with [org.springframework.security.web.session.DisableEncodeUrlFilter@54464330, org.springframework.security.web.context.request.async.WebAsyncManagerIntegrationFilter@63b4a896, org.springframework.security.web.context.SecurityContextHolderFilter@381db99e, org.springframework.security.web.header.HeaderWriterFilter@70720b78, org.springframework.security.web.authentication.logout.LogoutFilter@282c0891, org.springframework.security.web.authentication.UsernamePasswordAuthenticationFilter@5be783a, org.springframework.security.web.savedrequest.RequestCacheAwareFilter@4163f505, org.springframework.security.web.servletapi.SecurityContextHolderAwareRequestFilter@6894d28d, org.springframework.security.web.authentication.AnonymousAuthenticationFilter@3feeab43, org.springframework.security.web.access.ExceptionTranslationFilter@77c41838, org.springframework.security.web.access.intercept.AuthorizationFilter@5bafe1f1]
2023-10-20T21:39:55.367-05:00  INFO 9144 --- [main] o.s.b.w.embedded.tomcat.TomcatWebServer  : Tomcat started on port(s): 8080 (http) with context path ''
2023-10-20T21:39:55.374-05:00  INFO 9144 --- [main] MoodleDrive.MoodleDriveApplication       : Started MoodleDriveApplication in 4.508 seconds (process running for 4.857)
2023-10-20T21:39:55.376-05:00  INFO 9144 --- [main] o.s.b.a.b.JobLauncherApplicationRunner   : Running default command line with: []
2023-10-20T21:41:35.371-05:00  INFO 9144 --- [http-nio-8080-exec-1] o.a.c.c.C.[Tomcat].[localhost].[/]       : Initializing Spring DispatcherServlet 'dispatcherServlet'
2023-10-20T21:41:35.371-05:00  INFO 9144 --- [http-nio-8080-exec-1] o.s.web.servlet.DispatcherServlet        : Initializing Servlet 'dispatcherServlet'
2023-10-20T21:41:35.372-05:00  INFO 9144 --- [http-nio-8080-exec-1] o.s.web.servlet.DispatcherServlet        : Completed initialization in 0 ms
2023-10-20T21:48:50.997-05:00  INFO 8140 --- [main] MoodleDrive.MoodleDriveApplication       : Starting MoodleDriveApplication using Java 17.0.8 with PID 8140 (D:\MoodleDrive\target\classes started by rarey in D:\MoodleDrive)
2023-10-20T21:48:51.000-05:00  INFO 8140 --- [main] MoodleDrive.MoodleDriveApplication       : No active profile set, falling back to 1 default profile: "default"
2023-10-20T21:48:51.715-05:00  INFO 8140 --- [main] .s.d.r.c.RepositoryConfigurationDelegate : Bootstrapping Spring Data JPA repositories in DEFAULT mode.
2023-10-20T21:48:51.802-05:00  INFO 8140 --- [main] .s.d.r.c.RepositoryConfigurationDelegate : Finished Spring Data repository scanning in 79 ms. Found 5 JPA repository interfaces.
2023-10-20T21:48:52.398-05:00  INFO 8140 --- [main] o.s.b.w.embedded.tomcat.TomcatWebServer  : Tomcat initialized with port(s): 8080 (http)
2023-10-20T21:48:52.409-05:00  INFO 8140 --- [main] o.apache.catalina.core.StandardService   : Starting service [Tomcat]
2023-10-20T21:48:52.410-05:00  INFO 8140 --- [main] o.apache.catalina.core.StandardEngine    : Starting Servlet engine: [Apache Tomcat/10.1.13]
2023-10-20T21:48:52.517-05:00  INFO 8140 --- [main] o.a.c.c.C.[Tomcat].[localhost].[/]       : Initializing Spring embedded WebApplicationContext
2023-10-20T21:48:52.517-05:00  INFO 8140 --- [main] w.s.c.ServletWebServerApplicationContext : Root WebApplicationContext: initialization completed in 1473 ms
2023-10-20T21:48:52.627-05:00  INFO 8140 --- [main] com.zaxxer.hikari.HikariDataSource       : HikariPool-1 - Starting...
2023-10-20T21:48:52.921-05:00  INFO 8140 --- [main] com.zaxxer.hikari.pool.HikariPool        : HikariPool-1 - Added connection com.mysql.cj.jdbc.ConnectionImpl@296edc75
2023-10-20T21:48:52.923-05:00  INFO 8140 --- [main] com.zaxxer.hikari.HikariDataSource       : HikariPool-1 - Start completed.
2023-10-20T21:48:53.003-05:00  INFO 8140 --- [main] o.hibernate.jpa.internal.util.LogHelper  : HHH000204: Processing PersistenceUnitInfo [name: default]
2023-10-20T21:48:53.056-05:00  INFO 8140 --- [main] org.hibernate.Version                    : HHH000412: Hibernate ORM core version 6.2.9.Final
2023-10-20T21:48:53.058-05:00  INFO 8140 --- [main] org.hibernate.cfg.Environment            : HHH000406: Using bytecode reflection optimizer
2023-10-20T21:48:53.221-05:00  INFO 8140 --- [main] o.h.b.i.BytecodeProviderInitiator        : HHH000021: Bytecode provider name : bytebuddy
2023-10-20T21:48:53.355-05:00  INFO 8140 --- [main] o.s.o.j.p.SpringPersistenceUnitInfo      : No LoadTimeWeaver setup: ignoring JPA class transformer
2023-10-20T21:48:53.623-05:00  INFO 8140 --- [main] o.h.b.i.BytecodeProviderInitiator        : HHH000021: Bytecode provider name : bytebuddy
2023-10-20T21:48:54.334-05:00  INFO 8140 --- [main] o.h.e.t.j.p.i.JtaPlatformInitiator       : HHH000490: Using JtaPlatform implementation: [org.hibernate.engine.transaction.jta.platform.internal.NoJtaPlatform]
2023-10-20T21:48:54.339-05:00  INFO 8140 --- [main] j.LocalContainerEntityManagerFactoryBean : Initialized JPA EntityManagerFactory for persistence unit 'default'
2023-10-20T21:48:54.729-05:00  INFO 8140 --- [main] o.s.d.j.r.query.QueryEnhancerFactory     : Hibernate is in classpath; If applicable, HQL parser will be used.
2023-10-20T21:48:55.333-05:00  INFO 8140 --- [main] o.s.s.web.DefaultSecurityFilterChain     : Will secure any request with [org.springframework.security.web.session.DisableEncodeUrlFilter@219c10c2, org.springframework.security.web.context.request.async.WebAsyncManagerIntegrationFilter@5e352e3a, org.springframework.security.web.context.SecurityContextHolderFilter@19beeb61, org.springframework.security.web.header.HeaderWriterFilter@3681c285, org.springframework.security.web.authentication.logout.LogoutFilter@13e12ab6, org.springframework.security.web.authentication.UsernamePasswordAuthenticationFilter@7413c41, org.springframework.security.web.savedrequest.RequestCacheAwareFilter@6f5d292c, org.springframework.security.web.servletapi.SecurityContextHolderAwareRequestFilter@69c7fe78, org.springframework.security.web.authentication.AnonymousAuthenticationFilter@1b26f006, org.springframework.security.web.access.ExceptionTranslationFilter@19cad9f0, org.springframework.security.web.access.intercept.AuthorizationFilter@6178ac9d]
2023-10-20T21:48:55.620-05:00  INFO 8140 --- [main] o.s.b.w.embedded.tomcat.TomcatWebServer  : Tomcat started on port(s): 8080 (http) with context path ''
2023-10-20T21:48:55.628-05:00  INFO 8140 --- [main] MoodleDrive.MoodleDriveApplication       : Started MoodleDriveApplication in 5.027 seconds (process running for 5.409)
2023-10-20T21:48:55.630-05:00  INFO 8140 --- [main] o.s.b.a.b.JobLauncherApplicationRunner   : Running default command line with: []
2023-10-20T21:49:15.020-05:00  INFO 8140 --- [http-nio-8080-exec-2] o.a.c.c.C.[Tomcat].[localhost].[/]       : Initializing Spring DispatcherServlet 'dispatcherServlet'
2023-10-20T21:49:15.020-05:00  INFO 8140 --- [http-nio-8080-exec-2] o.s.web.servlet.DispatcherServlet        : Initializing Servlet 'dispatcherServlet'
2023-10-20T21:49:15.021-05:00  INFO 8140 --- [http-nio-8080-exec-2] o.s.web.servlet.DispatcherServlet        : Completed initialization in 1 ms
